[2026-03-02 10:00:01] 祖龙心跳检查启动...
✅ qingluan 记忆文件存在
✅ qilin 记忆文件存在
✅ baize 记忆文件存在
✅ chongming 记忆文件存在
[2026-03-02 10:00:01] 看板已更新
[2026-03-02 10:00:01] 心跳检查完成
[2026-03-02 12:00:01] 祖龙心跳检查启动...
✅ qingluan 记忆文件存在
✅ qilin 记忆文件存在
✅ baize 记忆文件存在
✅ chongming 记忆文件存在
[2026-03-02 12:00:01] 看板已更新
[2026-03-02 12:00:01] 心跳检查完成
[2026-03-02 14:00:01] 祖龙心跳检查启动...
✅ qingluan 记忆文件存在
✅ qilin 记忆文件存在
✅ baize 记忆文件存在
✅ chongming 记忆文件存在
[2026-03-02 14:00:01] 看板已更新
[2026-03-02 14:00:01] 心跳检查完成
[2026-03-02 16:00:02] 祖龙心跳检查启动...
✅ qingluan 记忆文件存在
✅ qilin 记忆文件存在
✅ baize 记忆文件存在
✅ chongming 记忆文件存在
[2026-03-02 16:00:02] 看板已更新
[2026-03-02 16:00:02] 心跳检查完成
[2026-03-02 17:00:01] 祖龙心跳检查启动...
✅ qingluan 记忆文件存在
✅ qilin 记忆文件存在
✅ baize 记忆文件存在
✅ chongming 记忆文件存在
[2026-03-02 17:00:01] 看板已更新
[2026-03-02 17:00:01] 心跳检查完成
[2026-03-02 18:00:01] 祖龙心跳检查启动...
✅ qingluan 记忆文件存在
✅ qilin 记忆文件存在
✅ baize 记忆文件存在
✅ chongming 记忆文件存在
[2026-03-02 18:00:01] 看板已更新
[2026-03-02 18:00:01] 心跳检查完成
[2026-03-02 20:00:01] 祖龙心跳检查启动...
[2026-03-02 20:00:01] 祖龙心跳检查启动...
✅ qingluan 记忆文件存在
✅ qingluan 记忆文件存在
✅ qilin 记忆文件存在
✅ qilin 记忆文件存在
✅ baize 记忆文件存在
✅ baize 记忆文件存在
✅ chongming 记忆文件存在
✅ chongming 记忆文件存在
[2026-03-02 20:00:01] 看板已更新
[2026-03-02 20:00:01] 看板已更新
[2026-03-02 20:00:01] 心跳检查完成
[2026-03-02 20:00:01] 心跳检查完成
[2026-03-02 21:00:01] 祖龙心跳检查启动...
✅ qingluan 记忆文件存在
✅ qilin 记忆文件存在
✅ baize 记忆文件存在
✅ chongming 记忆文件存在
[2026-03-02 21:00:01] 看板已更新
[2026-03-02 21:00:01] 心跳检查完成
[2026-03-02 22:00:01] 祖龙心跳检查启动...
✅ qingluan 记忆文件存在
✅ qilin 记忆文件存在
✅ baize 记忆文件存在
✅ chongming 记忆文件存在
[2026-03-02 22:00:01] 看板已更新
[2026-03-02 22:00:01] 心跳检查完成
[2026-03-03 09:00:01] 祖龙心跳检查启动...
✅ qingluan 记忆文件存在
✅ qilin 记忆文件存在
✅ baize 记忆文件存在
✅ chongming 记忆文件存在
[2026-03-03 09:00:01] 看板已更新
[2026-03-03 09:00:01] 心跳检查完成
[2026-03-03 10:00:01] 祖龙心跳检查启动...
✅ qingluan 记忆文件存在
✅ qilin 记忆文件存在
✅ baize 记忆文件存在
✅ chongming 记忆文件存在
[2026-03-03 10:00:01] 看板已更新
[2026-03-03 10:00:01] 心跳检查完成
[2026-03-03 12:00:01] 祖龙心跳检查启动...
✅ qingluan 记忆文件存在
✅ qilin 记忆文件存在
✅ baize 记忆文件存在
✅ chongming 记忆文件存在
[2026-03-03 12:00:01] 看板已更新
[2026-03-03 12:00:01] 心跳检查完成
[2026-03-03 14:00:01] 祖龙心跳检查启动...
✅ qingluan 记忆文件存在
✅ qilin 记忆文件存在
✅ baize 记忆文件存在
✅ chongming 记忆文件存在
[2026-03-03 14:00:01] 看板已更新
[2026-03-03 14:00:01] 心跳检查完成
[2026-03-03 16:00:01] 祖龙心跳检查启动...
✅ qingluan 记忆文件存在
✅ qilin 记忆文件存在
✅ baize 记忆文件存在
✅ chongming 记忆文件存在
[2026-03-03 16:00:01] 看板已更新
[2026-03-03 16:00:01] 心跳检查完成
[2026-03-03 17:00:01] 祖龙心跳检查启动...
✅ qingluan 记忆文件存在
✅ qilin 记忆文件存在
✅ baize 记忆文件存在
✅ chongming 记忆文件存在
[2026-03-03 17:00:01] 看板已更新
[2026-03-03 17:00:01] 心跳检查完成
[2026-03-03 18:00:01] 祖龙心跳检查启动...
✅ qingluan 记忆文件存在
✅ qilin 记忆文件存在
✅ baize 记忆文件存在
✅ chongming 记忆文件存在
[2026-03-03 18:00:01] 看板已更新
[2026-03-03 18:00:01] 心跳检查完成
[2026-03-03 20:00:01] 祖龙心跳检查启动...
[2026-03-03 20:00:01] 祖龙心跳检查启动...
✅ qingluan 记忆文件存在
✅ qingluan 记忆文件存在
✅ qilin 记忆文件存在
✅ baize 记忆文件存在
✅ qilin 记忆文件存在
✅ chongming 记忆文件存在
✅ baize 记忆文件存在
✅ chongming 记忆文件存在
[2026-03-03 20:00:01] 看板已更新
[2026-03-03 20:00:01] 看板已更新
[2026-03-03 20:00:01] 心跳检查完成
[2026-03-03 20:00:01] 心跳检查完成
[2026-03-03 21:00:02] 祖龙心跳检查启动...
✅ qingluan 记忆文件存在
✅ qilin 记忆文件存在
✅ baize 记忆文件存在
✅ chongming 记忆文件存在
[2026-03-03 21:00:02] 看板已更新
[2026-03-03 21:00:02] 心跳检查完成
[2026-03-03 22:00:01] 祖龙心跳检查启动...
✅ qingluan 记忆文件存在
✅ qilin 记忆文件存在
✅ baize 记忆文件存在
✅ chongming 记忆文件存在
[2026-03-03 22:00:01] 看板已更新
[2026-03-03 22:00:01] 心跳检查完成
[2026-03-04 09:00:01] 祖龙心跳检查启动...
✅ qingluan 记忆文件存在
✅ qilin 记忆文件存在
✅ baize 记忆文件存在
✅ chongming 记忆文件存在
[2026-03-04 09:00:01] 看板已更新
[2026-03-04 09:00:01] 心跳检查完成
[2026-03-04 10:00:01] 祖龙心跳检查启动...
✅ qingluan 记忆文件存在
✅ qilin 记忆文件存在
✅ baize 记忆文件存在
✅ chongming 记忆文件存在
[2026-03-04 10:00:01] 看板已更新
[2026-03-04 10:00:01] 心跳检查完成
[2026-03-04 12:00:01] 祖龙心跳检查启动...
✅ qingluan 记忆文件存在
✅ qilin 记忆文件存在
✅ baize 记忆文件存在
✅ chongming 记忆文件存在
[2026-03-04 12:00:01] 看板已更新
[2026-03-04 12:00:01] 心跳检查完成
[2026-03-04 14:00:01] 祖龙心跳检查启动...
✅ qingluan 记忆文件存在
✅ qilin 记忆文件存在
✅ baize 记忆文件存在
✅ chongming 记忆文件存在
[2026-03-04 14:00:01] 看板已更新
[2026-03-04 14:00:01] 心跳检查完成
[2026-03-04 16:00:01] 祖龙心跳检查启动...
✅ qingluan 记忆文件存在
✅ qilin 记忆文件存在
✅ baize 记忆文件存在
✅ chongming 记忆文件存在
[2026-03-04 16:00:01] 看板已更新
[2026-03-04 16:00:01] 心跳检查完成
[2026-03-04 17:00:01] 祖龙心跳检查启动...
✅ qingluan 记忆文件存在
✅ qilin 记忆文件存在
✅ baize 记忆文件存在
✅ chongming 记忆文件存在
[2026-03-04 17:00:01] 看板已更新
[2026-03-04 17:00:01] 心跳检查完成
[2026-03-04 18:00:01] 祖龙心跳检查启动...
✅ qingluan 记忆文件存在
✅ qilin 记忆文件存在
✅ baize 记忆文件存在
✅ chongming 记忆文件存在
[2026-03-04 18:00:01] 看板已更新
[2026-03-04 18:00:01] 心跳检查完成
[2026-03-04 20:00:02] 祖龙心跳检查启动...
⚠️ qingluan 记忆文件缺失
⚠️ qilin 记忆文件缺失
⚠️ baize 记忆文件缺失
⚠️ chongming 记忆文件缺失
sed: can't read /root/.openclaw/workspace-manager/team/kanban.md: No such file or directory
[2026-03-04 20:00:02] 看板已更新
[2026-03-04 20:00:02] 心跳检查完成
[2026-03-04 20:00:02] 祖龙心跳检查启动...
⚠️ qingluan 记忆文件缺失
⚠️ qilin 记忆文件缺失
⚠️ baize 记忆文件缺失
⚠️ chongming 记忆文件缺失
sed: can't read /root/.openclaw/workspace-manager/team/kanban.md: No such file or directory
[2026-03-04 20:00:02] 看板已更新
[2026-03-04 20:00:02] 心跳检查完成
[2026-03-04 21:00:01] 祖龙心跳检查启动...
⚠️ qingluan 记忆文件缺失
⚠️ qilin 记忆文件缺失
⚠️ baize 记忆文件缺失
⚠️ chongming 记忆文件缺失
sed: can't read /root/.openclaw/workspace-manager/team/kanban.md: No such file or directory
[2026-03-04 21:00:01] 看板已更新
[2026-03-04 21:00:01] 心跳检查完成
[2026-03-04 22:00:01] 祖龙心跳检查启动...
⚠️ qingluan 记忆文件缺失
⚠️ qilin 记忆文件缺失
⚠️ baize 记忆文件缺失
⚠️ chongming 记忆文件缺失
sed: can't read /root/.openclaw/workspace-manager/team/kanban.md: No such file or directory
[2026-03-04 22:00:01] 看板已更新
[2026-03-04 22:00:01] 心跳检查完成
[2026-03-05 09:00:01] 祖龙心跳检查启动...
⚠️ qingluan 记忆文件缺失
⚠️ qilin 记忆文件缺失
⚠️ baize 记忆文件缺失
⚠️ chongming 记忆文件缺失
sed: can't read /root/.openclaw/workspace-manager/team/kanban.md: No such file or directory
[2026-03-05 09:00:01] 看板已更新
[2026-03-05 09:00:01] 心跳检查完成
[2026-03-05 10:00:01] 祖龙心跳检查启动...
⚠️ qingluan 记忆文件缺失
⚠️ qilin 记忆文件缺失
⚠️ baize 记忆文件缺失
⚠️ chongming 记忆文件缺失
sed: can't read /root/.openclaw/workspace-manager/team/kanban.md: No such file or directory
[2026-03-05 10:00:01] 看板已更新
[2026-03-05 10:00:01] 心跳检查完成
