[2026/3/2 09:19:19] ━━━ 祖龙心跳检查启动 ━━━
[2026/3/2 09:19:19] ━━━ 祖龙心跳检查启动 ━━━
[2026/3/2 09:19:19] ✅ qingluan 记忆文件存在
[2026/3/2 09:19:19] ✅ qingluan 记忆文件存在
[2026/3/2 09:19:19] ✅ qilin 记忆文件存在
[2026/3/2 09:19:19] ✅ qilin 记忆文件存在
[2026/3/2 09:19:19] ✅ baize 记忆文件存在
[2026/3/2 09:19:19] ✅ baize 记忆文件存在
[2026/3/2 09:19:19] ✅ chongming 记忆文件存在
[2026/3/2 09:19:19] ✅ chongming 记忆文件存在
[2026/3/2 09:19:19] ✅ 看板已更新
[2026/3/2 09:19:19] ✅ 看板已更新
[2026/3/2 09:19:19] ━━━ 心跳检查完成 ━━━
[2026/3/2 09:19:19] ━━━ 心跳检查完成 ━━━

[2026/3/2 09:19:19] 🐉 祖龙心跳守护进程已启动 (每 10 分钟检查一次)
[2026/3/2 09:19:19] 🐉 祖龙心跳守护进程已启动 (每 10 分钟检查一次)
[2026/3/2 09:29:19] ━━━ 祖龙心跳检查启动 ━━━
[2026/3/2 09:29:19] ━━━ 祖龙心跳检查启动 ━━━
[2026/3/2 09:29:19] ✅ qingluan 记忆文件存在
[2026/3/2 09:29:19] ✅ qingluan 记忆文件存在
[2026/3/2 09:29:19] ✅ qilin 记忆文件存在
[2026/3/2 09:29:19] ✅ qilin 记忆文件存在
[2026/3/2 09:29:19] ✅ baize 记忆文件存在
[2026/3/2 09:29:19] ✅ baize 记忆文件存在
[2026/3/2 09:29:19] ✅ chongming 记忆文件存在
[2026/3/2 09:29:19] ✅ chongming 记忆文件存在
[2026/3/2 09:29:19] ✅ 看板已更新
[2026/3/2 09:29:19] ✅ 看板已更新
[2026/3/2 09:29:19] ━━━ 心跳检查完成 ━━━
[2026/3/2 09:29:19] ━━━ 心跳检查完成 ━━━

[2026/3/2 09:39:19] ━━━ 祖龙心跳检查启动 ━━━
[2026/3/2 09:39:19] ━━━ 祖龙心跳检查启动 ━━━
[2026/3/2 09:39:19] ✅ qingluan 记忆文件存在
[2026/3/2 09:39:19] ✅ qingluan 记忆文件存在
[2026/3/2 09:39:19] ✅ qilin 记忆文件存在
[2026/3/2 09:39:19] ✅ qilin 记忆文件存在
[2026/3/2 09:39:19] ✅ baize 记忆文件存在
[2026/3/2 09:39:19] ✅ baize 记忆文件存在
[2026/3/2 09:39:19] ✅ chongming 记忆文件存在
[2026/3/2 09:39:19] ✅ chongming 记忆文件存在
[2026/3/2 09:39:19] ✅ 看板已更新
[2026/3/2 09:39:19] ✅ 看板已更新
[2026/3/2 09:39:19] ━━━ 心跳检查完成 ━━━
[2026/3/2 09:39:19] ━━━ 心跳检查完成 ━━━

